<?xml version="1.0" encoding="UTF-8"?>
<testsuite name="com.blog.chl.springboot.web.IndexControllerTest" tests="1" skipped="0" failures="0" errors="0" timestamp="2022-06-06T09:49:26" hostname="choi-PC" time="0.265">
  <properties/>
  <testcase name="메인페이지_로딩" classname="com.blog.chl.springboot.web.IndexControllerTest" time="0.265"/>
  <system-out><![CDATA[2022-06-06 18:49:26.372  INFO 24852 --- [    Test worker] .b.t.c.SpringBootTestContextBootstrapper : Neither @ContextConfiguration nor @ContextHierarchy found for test class [com.blog.chl.springboot.web.IndexControllerTest], using SpringBootContextLoader
2022-06-06 18:49:26.373  INFO 24852 --- [    Test worker] o.s.t.c.support.AbstractContextLoader    : Could not detect default resource locations for test class [com.blog.chl.springboot.web.IndexControllerTest]: no resource found for suffixes {-context.xml, Context.groovy}.
2022-06-06 18:49:26.373  INFO 24852 --- [    Test worker] t.c.s.AnnotationConfigContextLoaderUtils : Could not detect default configuration classes for test class [com.blog.chl.springboot.web.IndexControllerTest]: IndexControllerTest does not declare any static, non-private, non-final, nested classes annotated with @Configuration.
2022-06-06 18:49:26.376  INFO 24852 --- [    Test worker] .b.t.c.SpringBootTestContextBootstrapper : Found @SpringBootConfiguration com.blog.chl.springboot.Application for test class com.blog.chl.springboot.web.IndexControllerTest
2022-06-06 18:49:26.378  INFO 24852 --- [    Test worker] .b.t.c.SpringBootTestContextBootstrapper : Loaded default TestExecutionListener class names from location [META-INF/spring.factories]: [org.springframework.security.test.context.support.WithSecurityContextTestExecutionListener, org.springframework.security.test.context.support.ReactorContextTestExecutionListener, org.springframework.boot.test.autoconfigure.restdocs.RestDocsTestExecutionListener, org.springframework.boot.test.autoconfigure.web.client.MockRestServiceServerResetTestExecutionListener, org.springframework.boot.test.autoconfigure.web.servlet.MockMvcPrintOnlyOnFailureTestExecutionListener, org.springframework.boot.test.autoconfigure.web.servlet.WebDriverTestExecutionListener, org.springframework.boot.test.mock.mockito.MockitoTestExecutionListener, org.springframework.boot.test.mock.mockito.ResetMocksTestExecutionListener, org.springframework.test.context.web.ServletTestExecutionListener, org.springframework.test.context.support.DirtiesContextBeforeModesTestExecutionListener, org.springframework.test.context.support.DependencyInjectionTestExecutionListener, org.springframework.test.context.support.DirtiesContextTestExecutionListener, org.springframework.test.context.transaction.TransactionalTestExecutionListener, org.springframework.test.context.jdbc.SqlScriptsTestExecutionListener]
2022-06-06 18:49:26.380  INFO 24852 --- [    Test worker] .b.t.c.SpringBootTestContextBootstrapper : Using TestExecutionListeners: [org.springframework.test.context.web.ServletTestExecutionListener@ef70dd2, org.springframework.test.context.support.DirtiesContextBeforeModesTestExecutionListener@79c58465, org.springframework.boot.test.mock.mockito.MockitoTestExecutionListener@780f494e, org.springframework.boot.test.autoconfigure.SpringBootDependencyInjectionTestExecutionListener@2bb3219e, org.springframework.test.context.support.DirtiesContextTestExecutionListener@1d1c30a7, org.springframework.test.context.transaction.TransactionalTestExecutionListener@482f69cd, org.springframework.test.context.jdbc.SqlScriptsTestExecutionListener@4ae81cbf, org.springframework.security.test.context.support.WithSecurityContextTestExecutionListener@78656bad, org.springframework.security.test.context.support.ReactorContextTestExecutionListener@480e50e, org.springframework.boot.test.autoconfigure.restdocs.RestDocsTestExecutionListener@37d29552, org.springframework.boot.test.autoconfigure.web.client.MockRestServiceServerResetTestExecutionListener@3d556af3, org.springframework.boot.test.autoconfigure.web.servlet.MockMvcPrintOnlyOnFailureTestExecutionListener@6ebe56f7, org.springframework.boot.test.autoconfigure.web.servlet.WebDriverTestExecutionListener@6d9576bb, org.springframework.boot.test.mock.mockito.ResetMocksTestExecutionListener@4ece065e]
2022-06-06 18:49:26.527  INFO 24852 --- [o-auto-1-exec-1] o.a.c.c.C.[Tomcat].[localhost].[/]       : Initializing Spring DispatcherServlet 'dispatcherServlet'
2022-06-06 18:49:26.527  INFO 24852 --- [o-auto-1-exec-1] o.s.web.servlet.DispatcherServlet        : Initializing Servlet 'dispatcherServlet'
2022-06-06 18:49:26.529  INFO 24852 --- [o-auto-1-exec-1] o.s.web.servlet.DispatcherServlet        : Completed initialization in 2 ms
Hibernate: select posts0_.id as id1_0_, posts0_.created_date as created_2_0_, posts0_.modified_date as modified3_0_, posts0_.author as author4_0_, posts0_.content as content5_0_, posts0_.title as title6_0_ from posts posts0_ order by posts0_.id DESC
]]></system-out>
  <system-err><![CDATA[]]></system-err>
</testsuite>
