<?xml version="1.0" encoding="UTF-8"?>
<testsuite name="com.blog.chl.springboot.web.HelloControllerTest" tests="2" skipped="0" failures="0" errors="0" timestamp="2022-06-06T11:43:01" hostname="choi-PC" time="0.293">
  <properties/>
  <testcase name="hello가_리턴된다" classname="com.blog.chl.springboot.web.HelloControllerTest" time="0.122"/>
  <testcase name="helloDto가_리턴된다" classname="com.blog.chl.springboot.web.HelloControllerTest" time="0.171"/>
  <system-out><![CDATA[2022-06-06 20:42:58.592  INFO 20392 --- [    Test worker] .b.t.a.w.s.WebMvcTestContextBootstrapper : Neither @ContextConfiguration nor @ContextHierarchy found for test class [com.blog.chl.springboot.web.HelloControllerTest], using SpringBootContextLoader
2022-06-06 20:42:58.595  INFO 20392 --- [    Test worker] o.s.t.c.support.AbstractContextLoader    : Could not detect default resource locations for test class [com.blog.chl.springboot.web.HelloControllerTest]: no resource found for suffixes {-context.xml, Context.groovy}.
2022-06-06 20:42:58.595  INFO 20392 --- [    Test worker] t.c.s.AnnotationConfigContextLoaderUtils : Could not detect default configuration classes for test class [com.blog.chl.springboot.web.HelloControllerTest]: HelloControllerTest does not declare any static, non-private, non-final, nested classes annotated with @Configuration.
2022-06-06 20:42:58.638  INFO 20392 --- [    Test worker] .b.t.c.SpringBootTestContextBootstrapper : Found @SpringBootConfiguration com.blog.chl.springboot.Application for test class com.blog.chl.springboot.web.HelloControllerTest
2022-06-06 20:42:58.639  INFO 20392 --- [    Test worker] .b.t.a.w.s.WebMvcTestContextBootstrapper : Loaded default TestExecutionListener class names from location [META-INF/spring.factories]: [org.springframework.security.test.context.support.WithSecurityContextTestExecutionListener, org.springframework.security.test.context.support.ReactorContextTestExecutionListener, org.springframework.boot.test.autoconfigure.restdocs.RestDocsTestExecutionListener, org.springframework.boot.test.autoconfigure.web.client.MockRestServiceServerResetTestExecutionListener, org.springframework.boot.test.autoconfigure.web.servlet.MockMvcPrintOnlyOnFailureTestExecutionListener, org.springframework.boot.test.autoconfigure.web.servlet.WebDriverTestExecutionListener, org.springframework.boot.test.mock.mockito.MockitoTestExecutionListener, org.springframework.boot.test.mock.mockito.ResetMocksTestExecutionListener, org.springframework.test.context.web.ServletTestExecutionListener, org.springframework.test.context.support.DirtiesContextBeforeModesTestExecutionListener, org.springframework.test.context.support.DependencyInjectionTestExecutionListener, org.springframework.test.context.support.DirtiesContextTestExecutionListener, org.springframework.test.context.transaction.TransactionalTestExecutionListener, org.springframework.test.context.jdbc.SqlScriptsTestExecutionListener]
2022-06-06 20:42:58.643  INFO 20392 --- [    Test worker] .b.t.a.w.s.WebMvcTestContextBootstrapper : Using TestExecutionListeners: [org.springframework.test.context.web.ServletTestExecutionListener@41593a97, org.springframework.test.context.support.DirtiesContextBeforeModesTestExecutionListener@2d9c8774, org.springframework.boot.test.mock.mockito.MockitoTestExecutionListener@59556311, org.springframework.boot.test.autoconfigure.SpringBootDependencyInjectionTestExecutionListener@2c5f3f98, org.springframework.test.context.support.DirtiesContextTestExecutionListener@24da3506, org.springframework.test.context.transaction.TransactionalTestExecutionListener@6db4b1ce, org.springframework.test.context.jdbc.SqlScriptsTestExecutionListener@1f0b0a82, org.springframework.security.test.context.support.WithSecurityContextTestExecutionListener@4a7d5504, org.springframework.security.test.context.support.ReactorContextTestExecutionListener@3ffa3b48, org.springframework.boot.test.autoconfigure.restdocs.RestDocsTestExecutionListener@7788c7b8, org.springframework.boot.test.autoconfigure.web.client.MockRestServiceServerResetTestExecutionListener@30908cd1, org.springframework.boot.test.autoconfigure.web.servlet.MockMvcPrintOnlyOnFailureTestExecutionListener@10652ab2, org.springframework.boot.test.autoconfigure.web.servlet.WebDriverTestExecutionListener@7eab738d, org.springframework.boot.test.mock.mockito.ResetMocksTestExecutionListener@4f2fdee7]

  .   ____          _            __ _ _
 /\\ / ___'_ __ _ _(_)_ __  __ _ \ \ \ \
( ( )\___ | '_ | '_| | '_ \/ _` | \ \ \ \
 \\/  ___)| |_)| | | | | || (_| |  ) ) ) )
  '  |____| .__|_| |_|_| |_\__, | / / / /
 =========|_|==============|___/=/_/_/_/
 :: Spring Boot ::        (v2.1.7.RELEASE)

2022-06-06 20:42:58.733  INFO 20392 --- [    Test worker] c.b.c.s.web.HelloControllerTest          : Starting HelloControllerTest on choi-PC with PID 20392 (started by choi in C:\chlblog)
2022-06-06 20:42:58.734  INFO 20392 --- [    Test worker] c.b.c.s.web.HelloControllerTest          : No active profile set, falling back to default profiles: default
2022-06-06 20:42:59.872  INFO 20392 --- [    Test worker] o.s.s.concurrent.ThreadPoolTaskExecutor  : Initializing ExecutorService 'applicationTaskExecutor'
2022-06-06 20:42:59.955  INFO 20392 --- [    Test worker] o.s.b.a.w.s.WelcomePageHandlerMapping    : Adding welcome page template: index
2022-06-06 20:43:00.536  INFO 20392 --- [    Test worker] .s.s.UserDetailsServiceAutoConfiguration : 

Using generated security password: 6fa44e68-b4b3-4dfb-a2fb-9d8dc508d13e

2022-06-06 20:43:00.883  INFO 20392 --- [    Test worker] o.s.s.web.DefaultSecurityFilterChain     : Creating filter chain: any request, [org.springframework.security.web.context.request.async.WebAsyncManagerIntegrationFilter@4f0f1c7, org.springframework.security.web.context.SecurityContextPersistenceFilter@48d7f2b4, org.springframework.security.web.header.HeaderWriterFilter@11406055, org.springframework.security.web.csrf.CsrfFilter@2f62821e, org.springframework.security.web.authentication.logout.LogoutFilter@5dfefe60, org.springframework.security.web.authentication.UsernamePasswordAuthenticationFilter@6968b6d6, org.springframework.security.web.authentication.ui.DefaultLoginPageGeneratingFilter@3c16e640, org.springframework.security.web.authentication.ui.DefaultLogoutPageGeneratingFilter@7800e336, org.springframework.security.web.authentication.www.BasicAuthenticationFilter@28cdde36, org.springframework.security.web.savedrequest.RequestCacheAwareFilter@4f3e9d6c, org.springframework.security.web.servletapi.SecurityContextHolderAwareRequestFilter@5d6e1e16, org.springframework.security.web.authentication.AnonymousAuthenticationFilter@3e7abe6e, org.springframework.security.web.session.SessionManagementFilter@2a096211, org.springframework.security.web.access.ExceptionTranslationFilter@4128c8da, org.springframework.security.web.access.intercept.FilterSecurityInterceptor@36dd259b]
2022-06-06 20:43:00.954  INFO 20392 --- [    Test worker] o.s.b.t.m.w.SpringBootMockServletContext : Initializing Spring TestDispatcherServlet ''
2022-06-06 20:43:00.954  INFO 20392 --- [    Test worker] o.s.t.web.servlet.TestDispatcherServlet  : Initializing Servlet ''
2022-06-06 20:43:00.981  INFO 20392 --- [    Test worker] o.s.t.web.servlet.TestDispatcherServlet  : Completed initialization in 27 ms
2022-06-06 20:43:01.045  INFO 20392 --- [    Test worker] c.b.c.s.web.HelloControllerTest          : Started HelloControllerTest in 2.399 seconds (JVM running for 18.633)
]]></system-out>
  <system-err><![CDATA[]]></system-err>
</testsuite>
