<?xml version="1.0" encoding="UTF-8"?>
<testsuite name="com.blog.chl.springboot.domain.posts.PostsRepositoryTest" tests="2" skipped="0" failures="0" errors="0" timestamp="2022-06-06T09:49:26" hostname="choi-PC" time="0.05">
  <properties/>
  <testcase name="게시글저장_불러오기" classname="com.blog.chl.springboot.domain.posts.PostsRepositoryTest" time="0.038"/>
  <testcase name="BaseTimeEntity_등록" classname="com.blog.chl.springboot.domain.posts.PostsRepositoryTest" time="0.012"/>
  <system-out><![CDATA[2022-06-06 18:49:22.079  INFO 24852 --- [    Test worker] .b.t.c.SpringBootTestContextBootstrapper : Neither @ContextConfiguration nor @ContextHierarchy found for test class [com.blog.chl.springboot.domain.posts.PostsRepositoryTest], using SpringBootContextLoader
2022-06-06 18:49:22.082  INFO 24852 --- [    Test worker] o.s.t.c.support.AbstractContextLoader    : Could not detect default resource locations for test class [com.blog.chl.springboot.domain.posts.PostsRepositoryTest]: no resource found for suffixes {-context.xml, Context.groovy}.
2022-06-06 18:49:22.082  INFO 24852 --- [    Test worker] t.c.s.AnnotationConfigContextLoaderUtils : Could not detect default configuration classes for test class [com.blog.chl.springboot.domain.posts.PostsRepositoryTest]: PostsRepositoryTest does not declare any static, non-private, non-final, nested classes annotated with @Configuration.
2022-06-06 18:49:22.108  INFO 24852 --- [    Test worker] .b.t.c.SpringBootTestContextBootstrapper : Found @SpringBootConfiguration com.blog.chl.springboot.Application for test class com.blog.chl.springboot.domain.posts.PostsRepositoryTest
2022-06-06 18:49:22.112  INFO 24852 --- [    Test worker] .b.t.c.SpringBootTestContextBootstrapper : Loaded default TestExecutionListener class names from location [META-INF/spring.factories]: [org.springframework.security.test.context.support.WithSecurityContextTestExecutionListener, org.springframework.security.test.context.support.ReactorContextTestExecutionListener, org.springframework.boot.test.autoconfigure.restdocs.RestDocsTestExecutionListener, org.springframework.boot.test.autoconfigure.web.client.MockRestServiceServerResetTestExecutionListener, org.springframework.boot.test.autoconfigure.web.servlet.MockMvcPrintOnlyOnFailureTestExecutionListener, org.springframework.boot.test.autoconfigure.web.servlet.WebDriverTestExecutionListener, org.springframework.boot.test.mock.mockito.MockitoTestExecutionListener, org.springframework.boot.test.mock.mockito.ResetMocksTestExecutionListener, org.springframework.test.context.web.ServletTestExecutionListener, org.springframework.test.context.support.DirtiesContextBeforeModesTestExecutionListener, org.springframework.test.context.support.DependencyInjectionTestExecutionListener, org.springframework.test.context.support.DirtiesContextTestExecutionListener, org.springframework.test.context.transaction.TransactionalTestExecutionListener, org.springframework.test.context.jdbc.SqlScriptsTestExecutionListener]
2022-06-06 18:49:22.114  INFO 24852 --- [    Test worker] .b.t.c.SpringBootTestContextBootstrapper : Using TestExecutionListeners: [org.springframework.test.context.web.ServletTestExecutionListener@14cf2b91, org.springframework.test.context.support.DirtiesContextBeforeModesTestExecutionListener@4336a535, org.springframework.boot.test.mock.mockito.MockitoTestExecutionListener@1907eec4, org.springframework.boot.test.autoconfigure.SpringBootDependencyInjectionTestExecutionListener@4fb16ecc, org.springframework.test.context.support.DirtiesContextTestExecutionListener@224f4708, org.springframework.test.context.transaction.TransactionalTestExecutionListener@54a64179, org.springframework.test.context.jdbc.SqlScriptsTestExecutionListener@7271f4e7, org.springframework.security.test.context.support.WithSecurityContextTestExecutionListener@36f2236b, org.springframework.security.test.context.support.ReactorContextTestExecutionListener@6e5d45ba, org.springframework.boot.test.autoconfigure.restdocs.RestDocsTestExecutionListener@8966c81, org.springframework.boot.test.autoconfigure.web.client.MockRestServiceServerResetTestExecutionListener@753d77b8, org.springframework.boot.test.autoconfigure.web.servlet.MockMvcPrintOnlyOnFailureTestExecutionListener@52f3eb0f, org.springframework.boot.test.autoconfigure.web.servlet.WebDriverTestExecutionListener@5607047e, org.springframework.boot.test.mock.mockito.ResetMocksTestExecutionListener@6d4e885b]

  .   ____          _            __ _ _
 /\\ / ___'_ __ _ _(_)_ __  __ _ \ \ \ \
( ( )\___ | '_ | '_| | '_ \/ _` | \ \ \ \
 \\/  ___)| |_)| | | | | || (_| |  ) ) ) )
  '  |____| .__|_| |_|_| |_\__, | / / / /
 =========|_|==============|___/=/_/_/_/
 :: Spring Boot ::        (v2.1.7.RELEASE)

2022-06-06 18:49:22.198  INFO 24852 --- [    Test worker] c.b.c.s.d.posts.PostsRepositoryTest      : Starting PostsRepositoryTest on choi-PC with PID 24852 (started by choi in C:\chlblog)
2022-06-06 18:49:22.199  INFO 24852 --- [    Test worker] c.b.c.s.d.posts.PostsRepositoryTest      : No active profile set, falling back to default profiles: default
2022-06-06 18:49:22.711  INFO 24852 --- [    Test worker] .s.d.r.c.RepositoryConfigurationDelegate : Bootstrapping Spring Data repositories in DEFAULT mode.
2022-06-06 18:49:22.781  INFO 24852 --- [    Test worker] .s.d.r.c.RepositoryConfigurationDelegate : Finished Spring Data repository scanning in 69ms. Found 2 repository interfaces.
2022-06-06 18:49:22.989  INFO 24852 --- [    Test worker] trationDelegate$BeanPostProcessorChecker : Bean 'org.springframework.transaction.annotation.ProxyTransactionManagementConfiguration' of type [org.springframework.transaction.annotation.ProxyTransactionManagementConfiguration$$EnhancerBySpringCGLIB$$f64157e9] is not eligible for getting processed by all BeanPostProcessors (for example: not eligible for auto-proxying)
2022-06-06 18:49:23.257  INFO 24852 --- [    Test worker] com.zaxxer.hikari.HikariDataSource       : HikariPool-2 - Starting...
2022-06-06 18:49:23.258  INFO 24852 --- [    Test worker] com.zaxxer.hikari.HikariDataSource       : HikariPool-2 - Start completed.
2022-06-06 18:49:23.358  INFO 24852 --- [    Test worker] o.hibernate.jpa.internal.util.LogHelper  : HHH000204: Processing PersistenceUnitInfo [
	name: default
	...]
2022-06-06 18:49:23.389  INFO 24852 --- [    Test worker] org.hibernate.dialect.Dialect            : HHH000400: Using dialect: org.hibernate.dialect.MySQL5InnoDBDialect
Hibernate: drop table if exists posts
Hibernate: drop table if exists user
Hibernate: create table posts (id bigint not null auto_increment, created_date datetime, modified_date datetime, author varchar(255), content TEXT not null, title varchar(500) not null, primary key (id)) engine=InnoDB
Hibernate: create table user (id bigint not null auto_increment, created_date datetime, modified_date datetime, email varchar(255) not null, name varchar(255) not null, picture varchar(255), role varchar(255) not null, primary key (id)) engine=InnoDB
2022-06-06 18:49:23.493  INFO 24852 --- [    Test worker] o.h.t.schema.internal.SchemaCreatorImpl  : HHH000476: Executing import script 'org.hibernate.tool.schema.internal.exec.ScriptSourceInputNonExistentImpl@736dff69'
2022-06-06 18:49:23.494  INFO 24852 --- [    Test worker] j.LocalContainerEntityManagerFactoryBean : Initialized JPA EntityManagerFactory for persistence unit 'default'
2022-06-06 18:49:23.921  INFO 24852 --- [    Test worker] o.h.h.i.QueryTranslatorFactoryInitiator  : HHH000397: Using ASTQueryTranslatorFactory
2022-06-06 18:49:24.529  INFO 24852 --- [    Test worker] o.s.s.web.DefaultSecurityFilterChain     : Creating filter chain: any request, [org.springframework.security.web.context.request.async.WebAsyncManagerIntegrationFilter@6407ea3d, org.springframework.security.web.context.SecurityContextPersistenceFilter@70f6f3ef, org.springframework.security.web.header.HeaderWriterFilter@4894d4dc, org.springframework.security.web.authentication.logout.LogoutFilter@17ab08e3, org.springframework.security.oauth2.client.web.OAuth2AuthorizationRequestRedirectFilter@62de809f, org.springframework.security.oauth2.client.web.OAuth2LoginAuthenticationFilter@7e41a417, org.springframework.security.web.authentication.ui.DefaultLoginPageGeneratingFilter@5085e097, org.springframework.security.web.authentication.ui.DefaultLogoutPageGeneratingFilter@5c40b7e6, org.springframework.security.web.savedrequest.RequestCacheAwareFilter@67aef0b3, org.springframework.security.web.servletapi.SecurityContextHolderAwareRequestFilter@972eaae, org.springframework.security.web.authentication.AnonymousAuthenticationFilter@4a0c0e89, org.springframework.security.web.session.SessionManagementFilter@400335b2, org.springframework.security.web.access.ExceptionTranslationFilter@69dfd210, org.springframework.security.web.access.intercept.FilterSecurityInterceptor@58cc1665]
2022-06-06 18:49:25.211  INFO 24852 --- [    Test worker] o.s.s.concurrent.ThreadPoolTaskExecutor  : Initializing ExecutorService 'applicationTaskExecutor'
2022-06-06 18:49:25.241  WARN 24852 --- [    Test worker] aWebConfiguration$JpaWebMvcConfiguration : spring.jpa.open-in-view is enabled by default. Therefore, database queries may be performed during view rendering. Explicitly configure spring.jpa.open-in-view to disable this warning
2022-06-06 18:49:25.306  INFO 24852 --- [    Test worker] o.s.b.a.w.s.WelcomePageHandlerMapping    : Adding welcome page template: index
2022-06-06 18:49:26.302  INFO 24852 --- [    Test worker] s.a.ScheduledAnnotationBeanPostProcessor : No TaskScheduler/ScheduledExecutorService bean found for scheduled processing
2022-06-06 18:49:26.303  INFO 24852 --- [    Test worker] c.b.c.s.d.posts.PostsRepositoryTest      : Started PostsRepositoryTest in 4.186 seconds (JVM running for 24.706)
Hibernate: insert into posts (created_date, modified_date, author, content, title) values (?, ?, ?, ?, ?)
Hibernate: select posts0_.id as id1_0_, posts0_.created_date as created_2_0_, posts0_.modified_date as modified3_0_, posts0_.author as author4_0_, posts0_.content as content5_0_, posts0_.title as title6_0_ from posts posts0_
Hibernate: select posts0_.id as id1_0_, posts0_.created_date as created_2_0_, posts0_.modified_date as modified3_0_, posts0_.author as author4_0_, posts0_.content as content5_0_, posts0_.title as title6_0_ from posts posts0_
Hibernate: delete from posts where id=?
Hibernate: insert into posts (created_date, modified_date, author, content, title) values (?, ?, ?, ?, ?)
Hibernate: select posts0_.id as id1_0_, posts0_.created_date as created_2_0_, posts0_.modified_date as modified3_0_, posts0_.author as author4_0_, posts0_.content as content5_0_, posts0_.title as title6_0_ from posts posts0_
>>>>>>>>> createDate=2022-06-06T18:49:26.350, modifiedDate=2022-06-06T18:49:26.350
Hibernate: select posts0_.id as id1_0_, posts0_.created_date as created_2_0_, posts0_.modified_date as modified3_0_, posts0_.author as author4_0_, posts0_.content as content5_0_, posts0_.title as title6_0_ from posts posts0_
Hibernate: delete from posts where id=?
]]></system-out>
  <system-err><![CDATA[]]></system-err>
</testsuite>
