<?xml version="1.0" encoding="UTF-8"?>
<testsuite name="com.blog.chl.springboot.web.IndexControllerTest" tests="1" skipped="0" failures="0" errors="0" timestamp="2022-06-06T10:13:24" hostname="choi-PC" time="0.263">
  <properties/>
  <testcase name="메인페이지_로딩" classname="com.blog.chl.springboot.web.IndexControllerTest" time="0.263"/>
  <system-out><![CDATA[2022-06-06 19:13:24.609  INFO 20588 --- [    Test worker] .b.t.c.SpringBootTestContextBootstrapper : Neither @ContextConfiguration nor @ContextHierarchy found for test class [com.blog.chl.springboot.web.IndexControllerTest], using SpringBootContextLoader
2022-06-06 19:13:24.611  INFO 20588 --- [    Test worker] o.s.t.c.support.AbstractContextLoader    : Could not detect default resource locations for test class [com.blog.chl.springboot.web.IndexControllerTest]: no resource found for suffixes {-context.xml, Context.groovy}.
2022-06-06 19:13:24.612  INFO 20588 --- [    Test worker] t.c.s.AnnotationConfigContextLoaderUtils : Could not detect default configuration classes for test class [com.blog.chl.springboot.web.IndexControllerTest]: IndexControllerTest does not declare any static, non-private, non-final, nested classes annotated with @Configuration.
2022-06-06 19:13:24.616  INFO 20588 --- [    Test worker] .b.t.c.SpringBootTestContextBootstrapper : Found @SpringBootConfiguration com.blog.chl.springboot.Application for test class com.blog.chl.springboot.web.IndexControllerTest
2022-06-06 19:13:24.619  INFO 20588 --- [    Test worker] .b.t.c.SpringBootTestContextBootstrapper : Loaded default TestExecutionListener class names from location [META-INF/spring.factories]: [org.springframework.security.test.context.support.WithSecurityContextTestExecutionListener, org.springframework.security.test.context.support.ReactorContextTestExecutionListener, org.springframework.boot.test.autoconfigure.restdocs.RestDocsTestExecutionListener, org.springframework.boot.test.autoconfigure.web.client.MockRestServiceServerResetTestExecutionListener, org.springframework.boot.test.autoconfigure.web.servlet.MockMvcPrintOnlyOnFailureTestExecutionListener, org.springframework.boot.test.autoconfigure.web.servlet.WebDriverTestExecutionListener, org.springframework.boot.test.mock.mockito.MockitoTestExecutionListener, org.springframework.boot.test.mock.mockito.ResetMocksTestExecutionListener, org.springframework.test.context.web.ServletTestExecutionListener, org.springframework.test.context.support.DirtiesContextBeforeModesTestExecutionListener, org.springframework.test.context.support.DependencyInjectionTestExecutionListener, org.springframework.test.context.support.DirtiesContextTestExecutionListener, org.springframework.test.context.transaction.TransactionalTestExecutionListener, org.springframework.test.context.jdbc.SqlScriptsTestExecutionListener]
2022-06-06 19:13:24.621  INFO 20588 --- [    Test worker] .b.t.c.SpringBootTestContextBootstrapper : Using TestExecutionListeners: [org.springframework.test.context.web.ServletTestExecutionListener@59667999, org.springframework.test.context.support.DirtiesContextBeforeModesTestExecutionListener@113edf56, org.springframework.boot.test.mock.mockito.MockitoTestExecutionListener@104d0da, org.springframework.boot.test.autoconfigure.SpringBootDependencyInjectionTestExecutionListener@24c5d7ef, org.springframework.test.context.support.DirtiesContextTestExecutionListener@4e05c85f, org.springframework.test.context.transaction.TransactionalTestExecutionListener@29a66aa6, org.springframework.test.context.jdbc.SqlScriptsTestExecutionListener@e03ed48, org.springframework.security.test.context.support.WithSecurityContextTestExecutionListener@47339c8, org.springframework.security.test.context.support.ReactorContextTestExecutionListener@64544e29, org.springframework.boot.test.autoconfigure.restdocs.RestDocsTestExecutionListener@7ebdeb5f, org.springframework.boot.test.autoconfigure.web.client.MockRestServiceServerResetTestExecutionListener@6fc5206d, org.springframework.boot.test.autoconfigure.web.servlet.MockMvcPrintOnlyOnFailureTestExecutionListener@72e5e924, org.springframework.boot.test.autoconfigure.web.servlet.WebDriverTestExecutionListener@3406d457, org.springframework.boot.test.mock.mockito.ResetMocksTestExecutionListener@2570269b]
2022-06-06 19:13:24.775  INFO 20588 --- [o-auto-1-exec-1] o.a.c.c.C.[Tomcat].[localhost].[/]       : Initializing Spring DispatcherServlet 'dispatcherServlet'
2022-06-06 19:13:24.776  INFO 20588 --- [o-auto-1-exec-1] o.s.web.servlet.DispatcherServlet        : Initializing Servlet 'dispatcherServlet'
2022-06-06 19:13:24.778  INFO 20588 --- [o-auto-1-exec-1] o.s.web.servlet.DispatcherServlet        : Completed initialization in 2 ms
Hibernate: select posts0_.id as id1_0_, posts0_.created_date as created_2_0_, posts0_.modified_date as modified3_0_, posts0_.author as author4_0_, posts0_.content as content5_0_, posts0_.title as title6_0_ from posts posts0_ order by posts0_.id DESC
]]></system-out>
  <system-err><![CDATA[]]></system-err>
</testsuite>
