<?xml version="1.0" encoding="UTF-8"?>
<testsuite name="com.blog.chl.springboot.web.HelloControllerTest" tests="2" skipped="0" failures="0" errors="0" timestamp="2022-06-06T10:13:09" hostname="choi-PC" time="0.659">
  <properties/>
  <testcase name="hello가_리턴된다" classname="com.blog.chl.springboot.web.HelloControllerTest" time="0.505"/>
  <testcase name="helloDto가_리턴된다" classname="com.blog.chl.springboot.web.HelloControllerTest" time="0.152"/>
  <system-out><![CDATA[19:13:03.513 [Test worker] DEBUG org.springframework.test.context.junit4.SpringJUnit4ClassRunner - SpringJUnit4ClassRunner constructor called with [class com.blog.chl.springboot.web.HelloControllerTest]
19:13:03.525 [Test worker] DEBUG org.springframework.test.context.BootstrapUtils - Instantiating CacheAwareContextLoaderDelegate from class [org.springframework.test.context.cache.DefaultCacheAwareContextLoaderDelegate]
19:13:03.549 [Test worker] DEBUG org.springframework.test.context.BootstrapUtils - Instantiating BootstrapContext using constructor [public org.springframework.test.context.support.DefaultBootstrapContext(java.lang.Class,org.springframework.test.context.CacheAwareContextLoaderDelegate)]
19:13:03.580 [Test worker] DEBUG org.springframework.test.context.BootstrapUtils - Instantiating TestContextBootstrapper for test class [com.blog.chl.springboot.web.HelloControllerTest] from class [org.springframework.boot.test.autoconfigure.web.servlet.WebMvcTestContextBootstrapper]
19:13:03.618 [Test worker] INFO org.springframework.boot.test.autoconfigure.web.servlet.WebMvcTestContextBootstrapper - Neither @ContextConfiguration nor @ContextHierarchy found for test class [com.blog.chl.springboot.web.HelloControllerTest], using SpringBootContextLoader
19:13:03.625 [Test worker] DEBUG org.springframework.test.context.support.AbstractContextLoader - Did not detect default resource location for test class [com.blog.chl.springboot.web.HelloControllerTest]: class path resource [com/blog/chl/springboot/web/HelloControllerTest-context.xml] does not exist
19:13:03.626 [Test worker] DEBUG org.springframework.test.context.support.AbstractContextLoader - Did not detect default resource location for test class [com.blog.chl.springboot.web.HelloControllerTest]: class path resource [com/blog/chl/springboot/web/HelloControllerTestContext.groovy] does not exist
19:13:03.626 [Test worker] INFO org.springframework.test.context.support.AbstractContextLoader - Could not detect default resource locations for test class [com.blog.chl.springboot.web.HelloControllerTest]: no resource found for suffixes {-context.xml, Context.groovy}.
19:13:03.627 [Test worker] INFO org.springframework.test.context.support.AnnotationConfigContextLoaderUtils - Could not detect default configuration classes for test class [com.blog.chl.springboot.web.HelloControllerTest]: HelloControllerTest does not declare any static, non-private, non-final, nested classes annotated with @Configuration.
19:13:03.745 [Test worker] DEBUG org.springframework.test.context.support.ActiveProfilesUtils - Could not find an 'annotation declaring class' for annotation type [org.springframework.test.context.ActiveProfiles] and class [com.blog.chl.springboot.web.HelloControllerTest]
19:13:03.883 [Test worker] DEBUG org.springframework.context.annotation.ClassPathScanningCandidateComponentProvider - Identified candidate component class: file [C:\chlblog\build\classes\java\main\com\blog\chl\springboot\Application.class]
19:13:03.885 [Test worker] INFO org.springframework.boot.test.context.SpringBootTestContextBootstrapper - Found @SpringBootConfiguration com.blog.chl.springboot.Application for test class com.blog.chl.springboot.web.HelloControllerTest
19:13:03.888 [Test worker] DEBUG org.springframework.boot.test.autoconfigure.web.servlet.WebMvcTestContextBootstrapper - @TestExecutionListeners is not present for class [com.blog.chl.springboot.web.HelloControllerTest]: using defaults.
19:13:03.889 [Test worker] INFO org.springframework.boot.test.autoconfigure.web.servlet.WebMvcTestContextBootstrapper - Loaded default TestExecutionListener class names from location [META-INF/spring.factories]: [org.springframework.security.test.context.support.WithSecurityContextTestExecutionListener, org.springframework.security.test.context.support.ReactorContextTestExecutionListener, org.springframework.boot.test.autoconfigure.restdocs.RestDocsTestExecutionListener, org.springframework.boot.test.autoconfigure.web.client.MockRestServiceServerResetTestExecutionListener, org.springframework.boot.test.autoconfigure.web.servlet.MockMvcPrintOnlyOnFailureTestExecutionListener, org.springframework.boot.test.autoconfigure.web.servlet.WebDriverTestExecutionListener, org.springframework.boot.test.mock.mockito.MockitoTestExecutionListener, org.springframework.boot.test.mock.mockito.ResetMocksTestExecutionListener, org.springframework.test.context.web.ServletTestExecutionListener, org.springframework.test.context.support.DirtiesContextBeforeModesTestExecutionListener, org.springframework.test.context.support.DependencyInjectionTestExecutionListener, org.springframework.test.context.support.DirtiesContextTestExecutionListener, org.springframework.test.context.transaction.TransactionalTestExecutionListener, org.springframework.test.context.jdbc.SqlScriptsTestExecutionListener]
19:13:03.938 [Test worker] INFO org.springframework.boot.test.autoconfigure.web.servlet.WebMvcTestContextBootstrapper - Using TestExecutionListeners: [org.springframework.test.context.web.ServletTestExecutionListener@1a53d689, org.springframework.test.context.support.DirtiesContextBeforeModesTestExecutionListener@7541e914, org.springframework.boot.test.mock.mockito.MockitoTestExecutionListener@35f1c835, org.springframework.boot.test.autoconfigure.SpringBootDependencyInjectionTestExecutionListener@7208663, org.springframework.test.context.support.DirtiesContextTestExecutionListener@343ff90, org.springframework.test.context.transaction.TransactionalTestExecutionListener@79b0afa5, org.springframework.test.context.jdbc.SqlScriptsTestExecutionListener@423b70c6, org.springframework.security.test.context.support.WithSecurityContextTestExecutionListener@412bf57c, org.springframework.security.test.context.support.ReactorContextTestExecutionListener@5d083db6, org.springframework.boot.test.autoconfigure.restdocs.RestDocsTestExecutionListener@21396c35, org.springframework.boot.test.autoconfigure.web.client.MockRestServiceServerResetTestExecutionListener@381d9594, org.springframework.boot.test.autoconfigure.web.servlet.MockMvcPrintOnlyOnFailureTestExecutionListener@268317fe, org.springframework.boot.test.autoconfigure.web.servlet.WebDriverTestExecutionListener@3afa6b15, org.springframework.boot.test.mock.mockito.ResetMocksTestExecutionListener@5048f0bb]
19:13:03.944 [Test worker] DEBUG org.springframework.test.annotation.ProfileValueUtils - Retrieved @ProfileValueSourceConfiguration [null] for test class [com.blog.chl.springboot.web.HelloControllerTest]
19:13:03.945 [Test worker] DEBUG org.springframework.test.annotation.ProfileValueUtils - Retrieved ProfileValueSource type [class org.springframework.test.annotation.SystemProfileValueSource] for class [com.blog.chl.springboot.web.HelloControllerTest]
19:13:03.946 [Test worker] DEBUG org.springframework.test.annotation.ProfileValueUtils - Retrieved @ProfileValueSourceConfiguration [null] for test class [com.blog.chl.springboot.web.HelloControllerTest]
19:13:03.947 [Test worker] DEBUG org.springframework.test.annotation.ProfileValueUtils - Retrieved ProfileValueSource type [class org.springframework.test.annotation.SystemProfileValueSource] for class [com.blog.chl.springboot.web.HelloControllerTest]
19:13:03.956 [Test worker] DEBUG org.springframework.test.context.support.AbstractDirtiesContextTestExecutionListener - Before test class: context [DefaultTestContext@295844b4 testClass = HelloControllerTest, testInstance = [null], testMethod = [null], testException = [null], mergedContextConfiguration = [WebMergedContextConfiguration@742c8f1 testClass = HelloControllerTest, locations = '{}', classes = '{class com.blog.chl.springboot.Application}', contextInitializerClasses = '[]', activeProfiles = '{}', propertySourceLocations = '{}', propertySourceProperties = '{org.springframework.boot.test.autoconfigure.web.servlet.WebMvcTestContextBootstrapper=true}', contextCustomizers = set[org.springframework.boot.test.autoconfigure.OverrideAutoConfigurationContextCustomizerFactory$DisableAutoConfigurationContextCustomizer@3762041d, org.springframework.boot.test.autoconfigure.filter.TypeExcludeFiltersContextCustomizer@67c9ed55, org.springframework.boot.test.autoconfigure.properties.PropertyMappingContextCustomizer@9a64ad34, org.springframework.boot.test.autoconfigure.web.servlet.WebDriverContextCustomizerFactory$Customizer@30f0612f, [ImportsContextCustomizer@13fbb2f5 key = [org.springframework.boot.autoconfigure.cache.CacheAutoConfiguration, org.springframework.boot.autoconfigure.context.MessageSourceAutoConfiguration, org.springframework.boot.autoconfigure.data.web.SpringDataWebAutoConfiguration, org.springframework.boot.autoconfigure.freemarker.FreeMarkerAutoConfiguration, org.springframework.boot.autoconfigure.groovy.template.GroovyTemplateAutoConfiguration, org.springframework.boot.autoconfigure.gson.GsonAutoConfiguration, org.springframework.boot.autoconfigure.hateoas.HypermediaAutoConfiguration, org.springframework.boot.autoconfigure.http.HttpMessageConvertersAutoConfiguration, org.springframework.boot.autoconfigure.jackson.JacksonAutoConfiguration, org.springframework.boot.autoconfigure.jsonb.JsonbAutoConfiguration, org.springframework.boot.autoconfigure.mustache.MustacheAutoConfiguration, org.springframework.boot.autoconfigure.task.TaskExecutionAutoConfiguration, org.springframework.boot.autoconfigure.thymeleaf.ThymeleafAutoConfiguration, org.springframework.boot.autoconfigure.validation.ValidationAutoConfiguration, org.springframework.boot.autoconfigure.web.servlet.error.ErrorMvcAutoConfiguration, org.springframework.boot.autoconfigure.web.servlet.WebMvcAutoConfiguration, org.springframework.boot.test.autoconfigure.web.servlet.MockMvcAutoConfiguration, org.springframework.boot.test.autoconfigure.web.servlet.MockMvcSecurityAutoConfiguration, org.springframework.boot.test.autoconfigure.web.servlet.MockMvcWebClientAutoConfiguration, org.springframework.boot.test.autoconfigure.web.servlet.MockMvcWebDriverAutoConfiguration]], org.springframework.boot.test.context.filter.ExcludeFilterContextCustomizer@447224f3, org.springframework.boot.test.json.DuplicateJsonObjectContextCustomizerFactory$DuplicateJsonObjectContextCustomizer@42754443, org.springframework.boot.test.mock.mockito.MockitoContextCustomizer@0], resourceBasePath = 'src/main/webapp', contextLoader = 'org.springframework.boot.test.context.SpringBootContextLoader', parent = [null]], attributes = map[[empty]]], class annotated with @DirtiesContext [false] with mode [null].
19:13:03.957 [Test worker] DEBUG org.springframework.test.annotation.ProfileValueUtils - Retrieved @ProfileValueSourceConfiguration [null] for test class [com.blog.chl.springboot.web.HelloControllerTest]
19:13:03.957 [Test worker] DEBUG org.springframework.test.annotation.ProfileValueUtils - Retrieved ProfileValueSource type [class org.springframework.test.annotation.SystemProfileValueSource] for class [com.blog.chl.springboot.web.HelloControllerTest]
19:13:03.966 [Test worker] DEBUG org.springframework.test.context.support.DependencyInjectionTestExecutionListener - Performing dependency injection for test context [[DefaultTestContext@295844b4 testClass = HelloControllerTest, testInstance = com.blog.chl.springboot.web.HelloControllerTest@43882107, testMethod = [null], testException = [null], mergedContextConfiguration = [WebMergedContextConfiguration@742c8f1 testClass = HelloControllerTest, locations = '{}', classes = '{class com.blog.chl.springboot.Application}', contextInitializerClasses = '[]', activeProfiles = '{}', propertySourceLocations = '{}', propertySourceProperties = '{org.springframework.boot.test.autoconfigure.web.servlet.WebMvcTestContextBootstrapper=true}', contextCustomizers = set[org.springframework.boot.test.autoconfigure.OverrideAutoConfigurationContextCustomizerFactory$DisableAutoConfigurationContextCustomizer@3762041d, org.springframework.boot.test.autoconfigure.filter.TypeExcludeFiltersContextCustomizer@67c9ed55, org.springframework.boot.test.autoconfigure.properties.PropertyMappingContextCustomizer@9a64ad34, org.springframework.boot.test.autoconfigure.web.servlet.WebDriverContextCustomizerFactory$Customizer@30f0612f, [ImportsContextCustomizer@13fbb2f5 key = [org.springframework.boot.autoconfigure.cache.CacheAutoConfiguration, org.springframework.boot.autoconfigure.context.MessageSourceAutoConfiguration, org.springframework.boot.autoconfigure.data.web.SpringDataWebAutoConfiguration, org.springframework.boot.autoconfigure.freemarker.FreeMarkerAutoConfiguration, org.springframework.boot.autoconfigure.groovy.template.GroovyTemplateAutoConfiguration, org.springframework.boot.autoconfigure.gson.GsonAutoConfiguration, org.springframework.boot.autoconfigure.hateoas.HypermediaAutoConfiguration, org.springframework.boot.autoconfigure.http.HttpMessageConvertersAutoConfiguration, org.springframework.boot.autoconfigure.jackson.JacksonAutoConfiguration, org.springframework.boot.autoconfigure.jsonb.JsonbAutoConfiguration, org.springframework.boot.autoconfigure.mustache.MustacheAutoConfiguration, org.springframework.boot.autoconfigure.task.TaskExecutionAutoConfiguration, org.springframework.boot.autoconfigure.thymeleaf.ThymeleafAutoConfiguration, org.springframework.boot.autoconfigure.validation.ValidationAutoConfiguration, org.springframework.boot.autoconfigure.web.servlet.error.ErrorMvcAutoConfiguration, org.springframework.boot.autoconfigure.web.servlet.WebMvcAutoConfiguration, org.springframework.boot.test.autoconfigure.web.servlet.MockMvcAutoConfiguration, org.springframework.boot.test.autoconfigure.web.servlet.MockMvcSecurityAutoConfiguration, org.springframework.boot.test.autoconfigure.web.servlet.MockMvcWebClientAutoConfiguration, org.springframework.boot.test.autoconfigure.web.servlet.MockMvcWebDriverAutoConfiguration]], org.springframework.boot.test.context.filter.ExcludeFilterContextCustomizer@447224f3, org.springframework.boot.test.json.DuplicateJsonObjectContextCustomizerFactory$DuplicateJsonObjectContextCustomizer@42754443, org.springframework.boot.test.mock.mockito.MockitoContextCustomizer@0], resourceBasePath = 'src/main/webapp', contextLoader = 'org.springframework.boot.test.context.SpringBootContextLoader', parent = [null]], attributes = map[[empty]]]].
19:13:04.208 [Test worker] DEBUG org.springframework.test.context.support.TestPropertySourceUtils - Adding inlined properties to environment: {spring.jmx.enabled=false, org.springframework.boot.test.autoconfigure.web.servlet.WebMvcTestContextBootstrapper=true, server.port=-1}

  .   ____          _            __ _ _
 /\\ / ___'_ __ _ _(_)_ __  __ _ \ \ \ \
( ( )\___ | '_ | '_| | '_ \/ _` | \ \ \ \
 \\/  ___)| |_)| | | | | || (_| |  ) ) ) )
  '  |____| .__|_| |_|_| |_\__, | / / / /
 =========|_|==============|___/=/_/_/_/
 :: Spring Boot ::        (v2.1.7.RELEASE)

2022-06-06 19:13:04.742  INFO 20588 --- [    Test worker] c.b.c.s.web.HelloControllerTest          : Starting HelloControllerTest on choi-PC with PID 20588 (started by choi in C:\chlblog)
2022-06-06 19:13:04.746  INFO 20588 --- [    Test worker] c.b.c.s.web.HelloControllerTest          : No active profile set, falling back to default profiles: default
2022-06-06 19:13:07.375  INFO 20588 --- [    Test worker] o.s.s.concurrent.ThreadPoolTaskExecutor  : Initializing ExecutorService 'applicationTaskExecutor'
2022-06-06 19:13:07.571  INFO 20588 --- [    Test worker] o.s.b.a.w.s.WelcomePageHandlerMapping    : Adding welcome page template: index
2022-06-06 19:13:08.324  INFO 20588 --- [    Test worker] .s.s.UserDetailsServiceAutoConfiguration : 

Using generated security password: 2aa7e373-cf63-49aa-96e0-f01ab0f14bbd

2022-06-06 19:13:08.924  INFO 20588 --- [    Test worker] o.s.s.web.DefaultSecurityFilterChain     : Creating filter chain: any request, [org.springframework.security.web.context.request.async.WebAsyncManagerIntegrationFilter@7a5e8d5d, org.springframework.security.web.context.SecurityContextPersistenceFilter@3bf0d66a, org.springframework.security.web.header.HeaderWriterFilter@34e08fbc, org.springframework.security.web.csrf.CsrfFilter@4e9e2686, org.springframework.security.web.authentication.logout.LogoutFilter@335c164c, org.springframework.security.web.authentication.UsernamePasswordAuthenticationFilter@24641ffa, org.springframework.security.web.authentication.ui.DefaultLoginPageGeneratingFilter@25a1c79c, org.springframework.security.web.authentication.ui.DefaultLogoutPageGeneratingFilter@5bbe4101, org.springframework.security.web.authentication.www.BasicAuthenticationFilter@6cdcd8c7, org.springframework.security.web.savedrequest.RequestCacheAwareFilter@56d1aecc, org.springframework.security.web.servletapi.SecurityContextHolderAwareRequestFilter@4a884687, org.springframework.security.web.authentication.AnonymousAuthenticationFilter@453c2ec1, org.springframework.security.web.session.SessionManagementFilter@958c8ed, org.springframework.security.web.access.ExceptionTranslationFilter@738cae99, org.springframework.security.web.access.intercept.FilterSecurityInterceptor@2370d6d1]
2022-06-06 19:13:09.026  INFO 20588 --- [    Test worker] o.s.b.t.m.w.SpringBootMockServletContext : Initializing Spring TestDispatcherServlet ''
2022-06-06 19:13:09.026  INFO 20588 --- [    Test worker] o.s.t.web.servlet.TestDispatcherServlet  : Initializing Servlet ''
2022-06-06 19:13:09.055  INFO 20588 --- [    Test worker] o.s.t.web.servlet.TestDispatcherServlet  : Completed initialization in 28 ms
2022-06-06 19:13:09.150  INFO 20588 --- [    Test worker] c.b.c.s.web.HelloControllerTest          : Started HelloControllerTest in 4.923 seconds (JVM running for 7.231)
]]></system-out>
  <system-err><![CDATA[]]></system-err>
</testsuite>
